Arguments: 
  /usr/local/bin/node /usr/share/yarn/bin/yarn.js inint

PATH: 
  /home/stonefruit/bin:/home/stonefruit/.local/bin:/home/stonefruit/anaconda3/bin:/home/stonefruit/.rvm/gems/ruby-2.4.1/bin:/home/stonefruit/.rvm/gems/ruby-2.4.1@global/bin:/home/stonefruit/.rvm/rubies/ruby-2.4.1/bin:/home/stonefruit/bin:/home/stonefruit/.local/bin:/home/stonefruit/anaconda3/bin:/home/stonefruit/bin:/home/stonefruit/.local/bin:/usr/local/sbin:/usr/local/bin:/usr/sbin:/usr/bin:/sbin:/bin:/usr/games:/usr/local/games:/snap/bin:/home/stonefruit/.rvm/bin:/home/stonefruit/.yarn/bin:/home/stonefruit/.rvm/bin:/home/stonefruit/.rvm/bin:/home/stonefruit/.yarn/bin:/home/stonefruit/.rvm/bin:/home/stonefruit/.rvm/bin:/home/stonefruit/.yarn/bin

Yarn version: 
  1.5.1

Node version: 
  9.8.0

Platform: 
  linux x64

npm manifest: 
  No manifest

yarn manifest: 
  No manifest

Lockfile: 
  No lockfile

Trace: 
  Error: Couldn't find a package.json file in "/home/stonefruit/Developer/WDI/nba_stats"
      at new MessageError (/usr/share/yarn/lib/cli.js:186:110)
      at /usr/share/yarn/lib/cli.js:40048:15
      at Generator.next (<anonymous>)
      at step (/usr/share/yarn/lib/cli.js:98:30)
      at /usr/share/yarn/lib/cli.js:109:13
      at <anonymous>
